

Version:	3.12
CmdLine:	C:\Users\godet\OneDrive\Documents\Java\Debut\Git_repository_Animation\Animation\anim.exe --l4j-debug
WOW64:		yes
Working dir:	C:\Users\godet\OneDrive\Documents\Java\Debut\Git_repository_Animation\Animation\.
Java min ver:	
Java max ver:	
Bundled JRE:	C:\Program Files\Java\jre1.8.0_241
Check launcher:	C:\Program Files\Java\jre1.8.0_241\bin\javaw.exe (OK)
Launcher:	C:\Program Files\Java\jre1.8.0_241\bin\javaw.exe
Launcher args:	-jar "C:\Users\godet\OneDrive\Documents\Java\Debut\Git_repository_Animation\Animation\anim.exe"
Args length:	95/32768 chars
Exit code:	0


Version:	3.12
CmdLine:	C:\Users\godet\OneDrive\Documents\Java\Debut\Git_repository_Animation\Animation\anim.exe --l4j-debug
WOW64:		yes
Working dir:	C:\Users\godet\OneDrive\Documents\Java\Debut\Git_repository_Animation\Animation\.
Java min ver:	
Java max ver:	
Bundled JRE:	C:\Program Files\Java\jre1.8.0_241
Check launcher:	C:\Program Files\Java\jre1.8.0_241\bin\javaw.exe (OK)
Launcher:	C:\Program Files\Java\jre1.8.0_241\bin\javaw.exe
Launcher args:	-jar "C:\Users\godet\OneDrive\Documents\Java\Debut\Git_repository_Animation\Animation\anim.exe"
Args length:	95/32768 chars
Exit code:	0


Version:	3.12
CmdLine:	C:\Users\godet\OneDrive\Documents\Java\Debut\Git_repository_Animation\Animation\anim.exe --l4j-debug
WOW64:		yes
Working dir:	C:\Users\godet\OneDrive\Documents\Java\Debut\Git_repository_Animation\Animation\.
Java min ver:	
Java max ver:	
Bundled JRE:	C:\Program Files\Java\jdk-13.0.1
Check launcher:	C:\Program Files\Java\jdk-13.0.1\bin\javaw.exe (OK)
Launcher:	C:\Program Files\Java\jdk-13.0.1\bin\javaw.exe
Launcher args:	-jar "C:\Users\godet\OneDrive\Documents\Java\Debut\Git_repository_Animation\Animation\anim.exe"
Args length:	95/32768 chars
Exit code:	0


Version:	3.12
CmdLine:	C:\Users\godet\OneDrive\Documents\Java\Debut\Git_repository_Animation\Animation\anim.exe --l4j-debug
WOW64:		yes
Working dir:	C:\Users\godet\OneDrive\Documents\Java\Debut\Git_repository_Animation\Animation\.
Java min ver:	
Java max ver:	
Bundled JRE:	.\runtime
Check launcher:	C:\Users\godet\OneDrive\Documents\Java\Debut\Git_repository_Animation\Animation\.\runtime\bin\javaw.exe (OK)
Launcher:	C:\Users\godet\OneDrive\Documents\Java\Debut\Git_repository_Animation\Animation\.\runtime\bin\javaw.exe
Launcher args:	-jar "C:\Users\godet\OneDrive\Documents\Java\Debut\Git_repository_Animation\Animation\anim.exe"
Args length:	95/32768 chars
Exit code:	0


Version:	3.12
CmdLine:	C:\Users\godet\OneDrive\Documents\Java\Debut\Git_repository_Animation\Animation\anim.exe --l4j-debug
WOW64:		yes
Working dir:	C:\Users\godet\OneDrive\Documents\Java\Debut\Git_repository_Animation\Animation\.
Java min ver:	
Java max ver:	
Bundled JRE:	C:\Program Files\Java\jdk-13.0.1
Check launcher:	C:\Program Files\Java\jdk-13.0.1\bin\javaw.exe (OK)
Launcher:	C:\Program Files\Java\jdk-13.0.1\bin\javaw.exe
Launcher args:	-jar "C:\Users\godet\OneDrive\Documents\Java\Debut\Git_repository_Animation\Animation\anim.exe"
Args length:	95/32768 chars
Exit code:	0


Version:	3.12
CmdLine:	C:\Users\godet\OneDrive\Documents\Java\Debut\Git_repository_Animation\Animation\anim.exe --l4j-debug
WOW64:		yes
Working dir:	C:\Users\godet\OneDrive\Documents\Java\Debut\Git_repository_Animation\Animation\.
Java min ver:	
Java max ver:	
Bundled JRE:	C:\Program Files\Java\jdk-13.0.1
Check launcher:	C:\Program Files\Java\jdk-13.0.1\bin\javaw.exe (OK)
Launcher:	C:\Program Files\Java\jdk-13.0.1\bin\javaw.exe
Launcher args:	-jar "C:\Users\godet\OneDrive\Documents\Java\Debut\Git_repository_Animation\Animation\anim.exe"
Args length:	95/32768 chars
Exit code:	0


Version:	3.12
CmdLine:	C:\Users\godet\OneDrive\Documents\Java\Debut\Git_repository_Animation\Animation\anim.exe --l4j-debug
WOW64:		yes
Working dir:	C:\Users\godet\OneDrive\Documents\Java\Debut\Git_repository_Animation\Animation\.
Java min ver:	
Java max ver:	
Bundled JRE:	C:\Program Files\Java\jdk-13.0.1
Check launcher:	C:\Program Files\Java\jdk-13.0.1\bin\javaw.exe (OK)
Launcher:	C:\Program Files\Java\jdk-13.0.1\bin\javaw.exe
Launcher args:	-jar "C:\Users\godet\OneDrive\Documents\Java\Debut\Git_repository_Animation\Animation\anim.exe"
Args length:	95/32768 chars
Exit code:	0


Version:	3.12
CmdLine:	C:\Users\godet\OneDrive\Documents\Java\Debut\Git_repository_Animation\Animation\anim.exe --l4j-debug
WOW64:		yes
Working dir:	C:\Users\godet\OneDrive\Documents\Java\Debut\Git_repository_Animation\Animation\.
Java min ver:	
Java max ver:	
Bundled JRE:	.\runtime
Check launcher:	C:\Users\godet\OneDrive\Documents\Java\Debut\Git_repository_Animation\Animation\.\runtime\bin\javaw.exe (OK)
Launcher:	C:\Users\godet\OneDrive\Documents\Java\Debut\Git_repository_Animation\Animation\.\runtime\bin\javaw.exe
Launcher args:	-jar "C:\Users\godet\OneDrive\Documents\Java\Debut\Git_repository_Animation\Animation\anim.exe"
Args length:	95/32768 chars
Exit code:	0
